#
# There is insufficient memory for the Java Runtime Environment to continue.
# Native memory allocation (malloc) failed to allocate 1048576 bytes for AllocateHeap
# Possible reasons:
#   The system is out of physical RAM or swap space
#   The process is running with CompressedOops enabled, and the Java Heap may be blocking the growth of the native heap
# Possible solutions:
#   Reduce memory load on the system
#   Increase physical memory or swap space
#   Check if swap backing store is full
#   Decrease Java heap size (-Xmx/-Xms)
#   Decrease number of Java threads
#   Decrease Java thread stack sizes (-Xss)
#   Set larger code cache with -XX:ReservedCodeCacheSize=
#   JVM is running with Unscaled Compressed Oops mode in which the Java heap is
#     placed in the first 4GB address space. The Java Heap base address is the
#     maximum limit for the native heap growth. Please use -XX:HeapBaseMinAddress
#     to set the Java Heap base and to place the Java Heap above 4GB virtual address.
# This output file may be truncated or incomplete.
#
#  Out of Memory Error (allocation.cpp:44), pid=8488, tid=14908
#
# JRE version:  (17.0.12+8) (build )
# Java VM: Java HotSpot(TM) 64-Bit Server VM (17.0.12+8-LTS-286, mixed mode, sharing, tiered, compressed oops, compressed class ptrs, g1 gc, windows-amd64)
# No core dump will be written. Minidumps are not enabled by default on client versions of Windows
#

---------------  S U M M A R Y ------------

Command Line: -Xmx64m -Xms64m -Dorg.gradle.appname=gradlew C:\Users\hp\Recharge\android\\gradle\wrapper\gradle-wrapper.jar app:installDebug -PreactNativeDevServerPort=8081

Host: Intel(R) Core(TM) i5-6500 CPU @ 3.20GHz, 4 cores, 15G,  Windows 10 , 64 bit Build 19041 (10.0.19041.5915)
Time: Wed Dec 31 16:55:09 2025 India Standard Time elapsed time: 0.079655 seconds (0d 0h 0m 0s)

---------------  T H R E A D  ---------------

Current thread (0x00000208ac4b5cd0):  JavaThread "Unknown thread" [_thread_in_vm, id=14908, stack(0x000000be5c800000,0x000000be5c900000)]

Stack: [0x000000be5c800000,0x000000be5c900000]
Native frames: (J=compiled Java code, j=interpreted, Vv=VM code, C=native code)
V  [jvm.dll+0x67a04a]
V  [jvm.dll+0x7da4ed]
V  [jvm.dll+0x7dbe33]
V  [jvm.dll+0x7dc4a3]
V  [jvm.dll+0x24508f]
V  [jvm.dll+0xa5e2b]
V  [jvm.dll+0x2e22de]
V  [jvm.dll+0x2d9fbb]
V  [jvm.dll+0x7aca21]
V  [jvm.dll+0x367591]
V  [jvm.dll+0x78b999]
V  [jvm.dll+0x3ec83f]
V  [jvm.dll+0x3ee471]
C  [jli.dll+0x5297]
C  [ucrtbase.dll+0x21bb2]
C  [KERNEL32.DLL+0x17374]
C  [ntdll.dll+0x4cc91]


---------------  P R O C E S S  ---------------

Threads class SMR info:
_java_thread_list=0x00007ffd44e37a18, length=0, elements={
}

Java Threads: ( => current thread )

Other Threads:
  0x00000208ac4d5b60 GCTaskThread "GC Thread#0" [stack: 0x000000be5c900000,0x000000be5ca00000] [id=4892]

[error occurred during error reporting (printing all threads), id 0xc0000005, EXCEPTION_ACCESS_VIOLATION (0xc0000005) at pc=0x00007ffd446670e0]

VM state: not at safepoint (not fully initialized)

VM Mutex/Monitor currently owned by a thread:  ([mutex/lock_event])
[0x00000208ac4b2840] Heap_lock - owner thread: 0x00000208ac4b5cd0

Heap address: 0x00000000fc000000, size: 64 MB, Compressed Oops mode: 32-bit

CDS archive(s) mapped at: [0x0000000000000000-0x0000000000000000-0x0000000000000000), size 0, SharedBaseAddress: 0x0000000800000000, ArchiveRelocationMode: 1.
Narrow klass base: 0x0000000000000000, Narrow klass shift: 0, Narrow klass range: 0x0

GC Precious Log:
<Empty>

Heap:
 garbage-first heap   total 0K, used 0K [0x00000000fc000000, 0x0000000100000000)
  region size 1024K, 0 young (0K), 0 survivors (0K)

[error occurred during error reporting (printing heap information), id 0xc0000005, EXCEPTION_ACCESS_VIOLATION (0xc0000005) at pc=0x00007ffd44a53859]

GC Heap History (0 events):
No events

Deoptimization events (0 events):
No events

Classes unloaded (0 events):
No events

Classes redefined (0 events):
No events

Internal exceptions (0 events):
No events

VM Operations (0 events):
No events

Events (1 events):
Event: 0.007 Loaded shared library C:\Program Files\Java\jdk-17\bin\java.dll


Dynamic libraries:
0x00007ff620d00000 - 0x00007ff620d10000 	C:\Program Files\Java\jdk-17\bin\java.exe
0x00007ffdd6650000 - 0x00007ffdd6848000 	C:\Windows\SYSTEM32\ntdll.dll
0x00007ffdd4bf0000 - 0x00007ffdd4cb2000 	C:\Windows\System32\KERNEL32.DLL
0x00007ffdd3dc0000 - 0x00007ffdd40b6000 	C:\Windows\System32\KERNELBASE.dll
0x00007ffdd4460000 - 0x00007ffdd4560000 	C:\Windows\System32\ucrtbase.dll
0x00007ffdb8510000 - 0x00007ffdb8529000 	C:\Program Files\Java\jdk-17\bin\jli.dll
0x00007ffdc1600000 - 0x00007ffdc161b000 	C:\Program Files\Java\jdk-17\bin\VCRUNTIME140.dll
0x00007ffdd4ef0000 - 0x00007ffdd4fa1000 	C:\Windows\System32\ADVAPI32.dll
0x00007ffdd5210000 - 0x00007ffdd52ae000 	C:\Windows\System32\msvcrt.dll
0x00007ffdd54f0000 - 0x00007ffdd558f000 	C:\Windows\System32\sechost.dll
0x00007ffdd4cc0000 - 0x00007ffdd4de0000 	C:\Windows\System32\RPCRT4.dll
0x00007ffdd4590000 - 0x00007ffdd45b7000 	C:\Windows\System32\bcrypt.dll
0x00007ffdd5780000 - 0x00007ffdd5921000 	C:\Windows\System32\USER32.dll
0x00007ffdd4560000 - 0x00007ffdd4582000 	C:\Windows\System32\win32u.dll
0x00007ffdd5930000 - 0x00007ffdd595b000 	C:\Windows\System32\GDI32.dll
0x00007ffdc7e70000 - 0x00007ffdc810b000 	C:\Windows\WinSxS\amd64_microsoft.windows.common-controls_6595b64144ccf1df_6.0.19041.6456_none_60b8a6cb71f64256\COMCTL32.dll
0x00007ffdd42c0000 - 0x00007ffdd43d9000 	C:\Windows\System32\gdi32full.dll
0x00007ffdd4220000 - 0x00007ffdd42bd000 	C:\Windows\System32\msvcp_win.dll
0x00007ffdced90000 - 0x00007ffdced9a000 	C:\Windows\SYSTEM32\VERSION.dll
0x00007ffdd5750000 - 0x00007ffdd577f000 	C:\Windows\System32\IMM32.DLL
0x00007ffdc8410000 - 0x00007ffdc841c000 	C:\Program Files\Java\jdk-17\bin\vcruntime140_1.dll
0x00007ffdaa700000 - 0x00007ffdaa78e000 	C:\Program Files\Java\jdk-17\bin\msvcp140.dll
0x00007ffd44380000 - 0x00007ffd44f60000 	C:\Program Files\Java\jdk-17\bin\server\jvm.dll
0x00007ffdd5040000 - 0x00007ffdd5048000 	C:\Windows\System32\PSAPI.DLL
0x00007ffdd0490000 - 0x00007ffdd04b7000 	C:\Windows\SYSTEM32\WINMM.dll
0x00007ffdc8e90000 - 0x00007ffdc8e99000 	C:\Windows\SYSTEM32\WSOCK32.dll
0x00007ffdd47b0000 - 0x00007ffdd481b000 	C:\Windows\System32\WS2_32.dll
0x00007ffdd1b30000 - 0x00007ffdd1b42000 	C:\Windows\SYSTEM32\kernel.appcore.dll
0x00007ffdbd0c0000 - 0x00007ffdbd0ca000 	C:\Program Files\Java\jdk-17\bin\jimage.dll
0x00007ffdc20d0000 - 0x00007ffdc22d1000 	C:\Windows\SYSTEM32\DBGHELP.DLL
0x00007ffdb3b00000 - 0x00007ffdb3b34000 	C:\Windows\SYSTEM32\dbgcore.DLL
0x00007ffdd3d30000 - 0x00007ffdd3db2000 	C:\Windows\System32\bcryptPrimitives.dll
0x00007ffdb2150000 - 0x00007ffdb2175000 	C:\Program Files\Java\jdk-17\bin\java.dll

dbghelp: loaded successfully - version: 4.0.5 - missing functions: none
symbol engine: initialized successfully - sym options: 0x614 - pdb path: .;C:\Program Files\Java\jdk-17\bin;C:\Windows\SYSTEM32;C:\Windows\WinSxS\amd64_microsoft.windows.common-controls_6595b64144ccf1df_6.0.19041.6456_none_60b8a6cb71f64256;C:\Program Files\Java\jdk-17\bin\server

VM Arguments:
jvm_args: -Xmx64m -Xms64m -Dorg.gradle.appname=gradlew 
java_command: C:\Users\hp\Recharge\android\\gradle\wrapper\gradle-wrapper.jar app:installDebug -PreactNativeDevServerPort=8081
java_class_path (initial): C:\Users\hp\Recharge\android\\gradle\wrapper\gradle-wrapper.jar
Launcher Type: SUN_STANDARD

[Global flags]
     intx CICompilerCount                          = 3                                         {product} {ergonomic}
     uint ConcGCThreads                            = 1                                         {product} {ergonomic}
     uint G1ConcRefinementThreads                  = 4                                         {product} {ergonomic}
   size_t G1HeapRegionSize                         = 1048576                                   {product} {ergonomic}
    uintx GCDrainStackTargetSize                   = 64                                        {product} {ergonomic}
   size_t InitialHeapSize                          = 67108864                                  {product} {command line}
   size_t MarkStackSize                            = 4194304                                   {product} {ergonomic}
   size_t MaxHeapSize                              = 67108864                                  {product} {command line}
   size_t MinHeapDeltaBytes                        = 1048576                                   {product} {ergonomic}
   size_t MinHeapSize                              = 67108864                                  {product} {command line}
    uintx NonNMethodCodeHeapSize                   = 5832780                                {pd product} {ergonomic}
    uintx NonProfiledCodeHeapSize                  = 122912730                              {pd product} {ergonomic}
    uintx ProfiledCodeHeapSize                     = 122912730                              {pd product} {ergonomic}
    uintx ReservedCodeCacheSize                    = 251658240                              {pd product} {ergonomic}
     bool SegmentedCodeCache                       = true                                      {product} {ergonomic}
   size_t SoftMaxHeapSize                          = 67108864                               {manageable} {ergonomic}
     bool UseCompressedClassPointers               = true                           {product lp64_product} {ergonomic}
     bool UseCompressedOops                        = true                           {product lp64_product} {ergonomic}
     bool UseG1GC                                  = true                                      {product} {ergonomic}
     bool UseLargePagesIndividualAllocation        = false                                  {pd product} {ergonomic}

Logging:
Log output configuration:
 #0: stdout all=warning uptime,level,tags
 #1: stderr all=off uptime,level,tags

Environment Variables:
JAVA_HOME=C:\Program Files\Java\jdk-17
PATH=C:\Users\hp\Recharge\node_modules\.bin;C:\Users\hp\Recharge\node_modules\.bin;C:\Users\hp\node_modules\.bin;C:\Users\node_modules\.bin;C:\node_modules\.bin;C:\Users\hp\AppData\Roaming\npm\node_modules\npm\node_modules\@npmcli\run-script\lib\node-gyp-bin;C:\Program Files\Common Files\Oracle\Java\javapath;C:\Program Files\nodejs\;C:\Users\hp\AppData\Local\Android\Sdk\platform-tools;C:\Windows\System32;C:\ProgramData\chocolatey\bin;C:\Users\hp\AppData\Local\Android\Sdk\platform-tools;C:\Program Files\Git\cmd;C:\Program Files\dotnet\;C:\Program Files\Android\Android Studio\bin;C:\Program Files\nodejs\;C:\Users\hp\AppData\Local\Android\Sdk\platform-tools;C:\Windows\System32;C:\Users\hp\AppData\Local\Programs\Microsoft VS Code\bin
USERNAME=hp
LANG=en_US.UTF-8
OS=Windows_NT
PROCESSOR_IDENTIFIER=Intel64 Family 6 Model 94 Stepping 3, GenuineIntel



---------------  S Y S T E M  ---------------

OS:
 Windows 10 , 64 bit Build 19041 (10.0.19041.5915)
OS uptime: 10 days 1:45 hours
Hyper-V role detected

CPU: total 4 (initial active 4) (4 cores per cpu, 1 threads per core) family 6 model 94 stepping 3 microcode 0xcc, cx8, cmov, fxsr, mmx, 3dnowpref, sse, sse2, sse3, ssse3, sse4.1, sse4.2, popcnt, lzcnt, tsc, tscinvbit, avx, avx2, aes, erms, clmul, bmi1, bmi2, rtm, adx, fma, vzeroupper, clflush, clflushopt, hv

Memory: 4k page, system-wide physical 16246M (1953M free)
TotalPageFile size 40330M (AvailPageFile size 4M)
current process WorkingSet (physical memory assigned to process): 10M, peak: 10M
current process commit charge ("private bytes"): 50M, peak: 51M

vm_info: Java HotSpot(TM) 64-Bit Server VM (17.0.12+8-LTS-286) for windows-amd64 JRE (17.0.12+8-LTS-286), built on Jun  5 2024 06:46:59 by "mach5one" with MS VC++ 17.6 (VS2022)

END.
